Sencha Cmd 6.0.1.76 - Crash report
================================================
An error occurred while executing the following command: --help

Diagnostic information:
=======================
                          cmd.config.dir : /Users/Yungchih/bin/Sencha/Cmd/6.0.1.76           
                                 cmd.dir : /Users/Yungchih/bin/Sencha/Cmd/6.0.1.76           
                            cmd.jvm.args : -Xms128m -Xmx1024m -Dapple.awt.UIElement=true     
              cmd.merge.tool.args.araxis : -wait -merge -3 -a1 {base} {user} {generated} {out}
              cmd.merge.tool.args.kdiff3 : {base} {user} {generated} -o {out}                
             cmd.merge.tool.args.p4merge : {base} {user} {generated} {out}                   
           cmd.merge.tool.args.smartsync : {user} {generated} {base}                         
          cmd.merge.tool.args.sourcegear : --merge --result={out} {user} {base} {generated}  
            cmd.merge.tool.args.tortoise : -base:{base} -theirs:{generated} -mine:{user} -merged:{out}
                              cmd.minver : 3.0.0.0                                           
                            cmd.platform : osx                                               
                         cmd.server.port : 1841                                              
                     cmd.unicode.escapes : /Users/Yungchih/bin/Sencha/Cmd/6.0.1.76/unicode-escapes.json
                             cmd.version : 6.0.1.76                                          
                            cmd.web.port : 1841                                              
                       inspector.address : http://localhost:1839/                            
                          repo.local.dir : /Users/Yungchih/bin/Sencha/Cmd/repo               
        system.java.net.useSystemProxies : true                                              

Exception information:
=======================
No such property : help
     at com.sencha.cli.AbstractCommand$Properties.getProperty(AbstractCommand.java:444)
     at com.sencha.cli.AbstractCommand.parseConfigParam(AbstractCommand.java:468)
     at com.sencha.cli.AbstractCommand.processConfigParam(AbstractCommand.java:518)
     at com.sencha.cli.AbstractCommand.configure(AbstractCommand.java:114)
     at com.sencha.command.Sencha.main(Sencha.java:130)
     at sun.reflect.NativeMethodAccessorImpl.invoke0(Native Method)
     at sun.reflect.NativeMethodAccessorImpl.invoke(NativeMethodAccessorImpl.java:62)
     at sun.reflect.DelegatingMethodAccessorImpl.invoke(DelegatingMethodAccessorImpl.java:43)
     at java.lang.reflect.Method.invoke(Method.java:497)
     at com.exe4j.runtime.LauncherEngine.launch(Unknown Source)
     at com.install4j.runtime.launcher.UnixLauncher.main(Unknown Source)

